<?xml version="1.0" encoding="UTF-8"?>
<!-- Generated by org.testng.reporters.JUnitReportReporter -->
<testsuite hostname="DESKTOP-6VTJJ6I" failures="0" tests="1" name="com.ExcelRProject_1.SauceDemoProject.SauceDemoTestCases" time="4.766" errors="0" timestamp="2024-01-19T10:40:57 IST" skipped="0">
  <testcase classname="com.ExcelRProject_1.SauceDemoProject.SauceDemoTestCases" name="cartPageContinueBtnValidation" time="4.766"/>
</testsuite> <!-- com.ExcelRProject_1.SauceDemoProject.SauceDemoTestCases -->
